<?xml version="1.0" encoding="UTF-8"?>
<!-- Generated by org.testng.reporters.JUnitXMLReporter -->
<testsuite hostname="DESKTOP-BIBUOF0" ignored="0" name="IETest" tests="1" failures="1" timestamp="08 Mar 2020 07:04:06 GMT" time="48.061" errors="0">
  <testcase name="testValidLogin" time="43.741" classname="com.SBM.qa.TestCases.ValidLogin">
    <failure type="java.lang.AssertionError" message="expected [actiTIME - Enter Time-Track] but found [actiTIME - Login]">
      <![CDATA[java.lang.AssertionError: expected [actiTIME - Enter Time-Track] but found [actiTIME - Login]at com.SBM.qa.Pages.HomePage.verifytitle(HomePage.java:20)at com.SBM.qa.TestCases.ValidLogin.testValidLogin(ValidLogin.java:25)... Removed 31 stack frames]]>
    </failure>
  </testcase> <!-- testValidLogin -->
</testsuite> <!-- IETest -->
